<?xml version="1.0" encoding="UTF-8" ?>
<testsuite tests="2" failures="2" name="ui.storeclub.TrendTest" time="209.552" errors="0" skipped="0">
  <properties>
[...]
</properties>
  <testcase classname="ui.storeclub.TrendTest" name="ui.storeclub.TrendTest.testtrend_feed" time="125.569">
    <failure message="An element could not be located on the page using the given search parameters. (WARNING: The server did not provide any stacktrace information)
Command duration or timeout: 51.96 seconds
For documentation on this error, please visit: http://seleniumhq.org/exceptions/no_such_element.html
Build info: version: &apos;2.44.0&apos;, revision: &apos;76d78cf&apos;, time: &apos;2014-10-23 20:02:37&apos;
System info: host: &apos;ae-sz-testdeiMac.local&apos;, ip: &apos;192.168.56.1&apos;, os.name: &apos;Mac OS X&apos;, os.arch: &apos;x86_64&apos;, os.version: &apos;10.13.1&apos;, java.version: &apos;1.8.0_152-ea&apos;
Driver info: io.appium.java_client.android.AndroidDriver
Capabilities [{app=/Users/ae-sz-test/env/AndroidSDK/platform-tools/AliExpressApp-play-release.apk, appPackage=com.alibaba.aliexpresshd, deviceScreenSize=1440x2560, networkConnectionEnabled=true, utdid=Appium, warnings={}, appWaitPackage=com.alibaba.aliexpresshd, appWaitActivity=com.alibaba.aliexpresshd.module.home.MainActivity, databaseEnabled=false, deviceName=192.168.56.101:5555, platform=LINUX, deviceUDID=192.168.56.101:5555, appActivity=com.alibaba.aliexpresshd.module.home.MainActivity, desired={app=/Users/ae-sz-test/env/AndroidSDK/platform-tools/AliExpressApp-play-release.apk, appPackage=com.alibaba.aliexpresshd, utdid=Appium, platformVersion=7.1.1, platformName=Android, deviceName=Android Device}, platformVersion=7.1.1, webStorageEnabled=false, locationContextEnabled=false, takesScreenshot=true, javascriptEnabled=true, deviceModel=Google Nexus 6P - 7.1.0 - API 25 - 1440x2560, platformName=Android, deviceManufacturer=Genymotion}]
Session ID: 5df355c7-cbcb-49d4-bd43-c1b4b7469eb8" type="org.openqa.selenium.NoSuchElementException">org.openqa.selenium.NoSuchElementException: An element could not be located on the page using the given search parameters. (WARNING: The server did not provide any stacktrace information)
Command duration or timeout: 51.96 seconds
For documentation on this error, please visit: http://seleniumhq.org/exceptions/no_such_element.html
Build info: version: &apos;2.44.0&apos;, revision: &apos;76d78cf&apos;, time: &apos;2014-10-23 20:02:37&apos;
System info: host: &apos;ae-sz-testdeiMac.local&apos;, ip: &apos;192.168.56.1&apos;, os.name: &apos;Mac OS X&apos;, os.arch: &apos;x86_64&apos;, os.version: &apos;10.13.1&apos;, java.version: &apos;1.8.0_152-ea&apos;
Driver info: io.appium.java_client.android.AndroidDriver
Capabilities [{app=/Users/ae-sz-test/env/AndroidSDK/platform-tools/AliExpressApp-play-release.apk, appPackage=com.alibaba.aliexpresshd, deviceScreenSize=1440x2560, networkConnectionEnabled=true, utdid=Appium, warnings={}, appWaitPackage=com.alibaba.aliexpresshd, appWaitActivity=com.alibaba.aliexpresshd.module.home.MainActivity, databaseEnabled=false, deviceName=192.168.56.101:5555, platform=LINUX, deviceUDID=192.168.56.101:5555, appActivity=com.alibaba.aliexpresshd.module.home.MainActivity, desired={app=/Users/ae-sz-test/env/AndroidSDK/platform-tools/AliExpressApp-play-release.apk, appPackage=com.alibaba.aliexpresshd, utdid=Appium, platformVersion=7.1.1, platformName=Android, deviceName=Android Device}, platformVersion=7.1.1, webStorageEnabled=false, locationContextEnabled=false, takesScreenshot=true, javascriptEnabled=true, deviceModel=Google Nexus 6P - 7.1.0 - API 25 - 1440x2560, platformName=Android, deviceManufacturer=Genymotion}]
Session ID: 5df355c7-cbcb-49d4-bd43-c1b4b7469eb8
	at sun.reflect.GeneratedConstructorAccessor10.newInstance(Unknown Source)
	at sun.reflect.DelegatingConstructorAccessorImpl.newInstance(DelegatingConstructorAccessorImpl.java:45)
	at java.lang.reflect.Constructor.newInstance(Constructor.java:423)
	at org.openqa.selenium.remote.ErrorHandler.createThrowable(ErrorHandler.java:204)
	at org.openqa.selenium.remote.ErrorHandler.throwIfResponseFailed(ErrorHandler.java:156)
	at org.openqa.selenium.remote.RemoteWebDriver.execute(RemoteWebDriver.java:599)
	at io.appium.java_client.AppiumDriver.execute(AppiumDriver.java:180)
	at org.openqa.selenium.remote.RemoteWebDriver.findElement(RemoteWebDriver.java:352)
	at org.openqa.selenium.remote.RemoteWebDriver.findElementById(RemoteWebDriver.java:393)
	at org.openqa.selenium.By$ById.findElement(By.java:214)
	at org.openqa.selenium.remote.RemoteWebDriver.findElement(RemoteWebDriver.java:344)
	at ui.storeclub.TrendTest.testtrend_feed(TrendTest.java:47)
</failure>
    <system-out>启动应用
点击h5
未登录帐号
完成左滑
步骤：进入store club
步骤：未登录情况下，查看图文帖
完成左滑
完成左滑
点击sign in，弹出登陆框正常
完成上滑
完成上滑
完成上滑
</system-out>
  </testcase>
  <testcase classname="ui.storeclub.TrendTest" name="ui.storeclub.TrendTest.testtrend_detail_sign" time="83.983">
    <failure message="An element could not be located on the page using the given search parameters. (WARNING: The server did not provide any stacktrace information)
Command duration or timeout: 60 milliseconds
For documentation on this error, please visit: http://seleniumhq.org/exceptions/no_such_element.html
Build info: version: &apos;2.44.0&apos;, revision: &apos;76d78cf&apos;, time: &apos;2014-10-23 20:02:37&apos;
System info: host: &apos;ae-sz-testdeiMac.local&apos;, ip: &apos;192.168.56.1&apos;, os.name: &apos;Mac OS X&apos;, os.arch: &apos;x86_64&apos;, os.version: &apos;10.13.1&apos;, java.version: &apos;1.8.0_152-ea&apos;
Driver info: io.appium.java_client.android.AndroidDriver
Capabilities [{app=/Users/ae-sz-test/env/AndroidSDK/platform-tools/AliExpressApp-play-release.apk, appPackage=com.alibaba.aliexpresshd, deviceScreenSize=1440x2560, networkConnectionEnabled=true, utdid=Appium, warnings={}, appWaitPackage=com.alibaba.aliexpresshd, appWaitActivity=com.alibaba.aliexpresshd.module.home.MainActivity, databaseEnabled=false, deviceName=192.168.56.101:5555, platform=LINUX, deviceUDID=192.168.56.101:5555, appActivity=com.alibaba.aliexpresshd.module.home.MainActivity, desired={app=/Users/ae-sz-test/env/AndroidSDK/platform-tools/AliExpressApp-play-release.apk, appPackage=com.alibaba.aliexpresshd, utdid=Appium, platformVersion=7.1.1, platformName=Android, deviceName=Android Device}, platformVersion=7.1.1, webStorageEnabled=false, locationContextEnabled=false, takesScreenshot=true, javascriptEnabled=true, deviceModel=Google Nexus 6P - 7.1.0 - API 25 - 1440x2560, platformName=Android, deviceManufacturer=Genymotion}]
Session ID: 780ac6e5-d68b-451a-9870-4f54bdf7d49a" type="org.openqa.selenium.NoSuchElementException">org.openqa.selenium.NoSuchElementException: An element could not be located on the page using the given search parameters. (WARNING: The server did not provide any stacktrace information)
Command duration or timeout: 60 milliseconds
For documentation on this error, please visit: http://seleniumhq.org/exceptions/no_such_element.html
Build info: version: &apos;2.44.0&apos;, revision: &apos;76d78cf&apos;, time: &apos;2014-10-23 20:02:37&apos;
System info: host: &apos;ae-sz-testdeiMac.local&apos;, ip: &apos;192.168.56.1&apos;, os.name: &apos;Mac OS X&apos;, os.arch: &apos;x86_64&apos;, os.version: &apos;10.13.1&apos;, java.version: &apos;1.8.0_152-ea&apos;
Driver info: io.appium.java_client.android.AndroidDriver
Capabilities [{app=/Users/ae-sz-test/env/AndroidSDK/platform-tools/AliExpressApp-play-release.apk, appPackage=com.alibaba.aliexpresshd, deviceScreenSize=1440x2560, networkConnectionEnabled=true, utdid=Appium, warnings={}, appWaitPackage=com.alibaba.aliexpresshd, appWaitActivity=com.alibaba.aliexpresshd.module.home.MainActivity, databaseEnabled=false, deviceName=192.168.56.101:5555, platform=LINUX, deviceUDID=192.168.56.101:5555, appActivity=com.alibaba.aliexpresshd.module.home.MainActivity, desired={app=/Users/ae-sz-test/env/AndroidSDK/platform-tools/AliExpressApp-play-release.apk, appPackage=com.alibaba.aliexpresshd, utdid=Appium, platformVersion=7.1.1, platformName=Android, deviceName=Android Device}, platformVersion=7.1.1, webStorageEnabled=false, locationContextEnabled=false, takesScreenshot=true, javascriptEnabled=true, deviceModel=Google Nexus 6P - 7.1.0 - API 25 - 1440x2560, platformName=Android, deviceManufacturer=Genymotion}]
Session ID: 780ac6e5-d68b-451a-9870-4f54bdf7d49a
	at sun.reflect.GeneratedConstructorAccessor10.newInstance(Unknown Source)
	at sun.reflect.DelegatingConstructorAccessorImpl.newInstance(DelegatingConstructorAccessorImpl.java:45)
	at java.lang.reflect.Constructor.newInstance(Constructor.java:423)
	at org.openqa.selenium.remote.ErrorHandler.createThrowable(ErrorHandler.java:204)
	at org.openqa.selenium.remote.ErrorHandler.throwIfResponseFailed(ErrorHandler.java:156)
	at org.openqa.selenium.remote.RemoteWebDriver.execute(RemoteWebDriver.java:599)
	at io.appium.java_client.AppiumDriver.execute(AppiumDriver.java:180)
	at org.openqa.selenium.remote.RemoteWebDriver.findElement(RemoteWebDriver.java:352)
	at io.appium.java_client.android.AndroidDriver.findElementByAndroidUIAutomator(AndroidDriver.java:255)
	at ui.storeclub.TrendTest.testtrend_detail_sign(TrendTest.java:104)
</failure>
    <system-out>启动应用
点击h5
未登录帐号
步骤：输入账号密码进行登录
步骤：判断登录popup是否弹出
步骤：左滑登录my account
步骤：没有找到my account
步骤：输入密码
步骤：点击登录
XXXhhh@163.com登录成功！！
已登录帐号
完成上滑
完成上滑
完成上滑
步骤：进入store club
步骤：登录情况下，查看图文帖
</system-out>
  </testcase>
</testsuite>